0 info it worked if it ends with ok
1 verbose cli [ '/usr/bin/nodejs',
1 verbose cli   '/usr/bin/npm',
1 verbose cli   'install',
1 verbose cli   'https://github.com/CodeFalling/hexo-asset-image',
1 verbose cli   '--save' ]
2 info using npm@4.1.1
3 info using node@v6.3.1
4 silly loadCurrentTree Starting
5 silly install loadCurrentTree
6 silly install readLocalPackageData
7 silly fetchPackageMetaData https://github.com/CodeFalling/hexo-asset-image
8 silly fetchOtherPackageData https://github.com/CodeFalling/hexo-asset-image
9 silly cache add args [ 'https://github.com/CodeFalling/hexo-asset-image', null ]
10 verbose cache add spec https://github.com/CodeFalling/hexo-asset-image
11 silly cache add parsed spec Result {
11 silly cache add   raw: 'https://github.com/CodeFalling/hexo-asset-image',
11 silly cache add   scope: null,
11 silly cache add   escapedName: null,
11 silly cache add   name: null,
11 silly cache add   rawSpec: 'https://github.com/CodeFalling/hexo-asset-image',
11 silly cache add   spec: 'git+https://github.com/CodeFalling/hexo-asset-image.git',
11 silly cache add   type: 'hosted',
11 silly cache add   hosted:
11 silly cache add    { type: 'github',
11 silly cache add      ssh: 'git@github.com:CodeFalling/hexo-asset-image.git',
11 silly cache add      sshUrl: 'git+ssh://git@github.com/CodeFalling/hexo-asset-image.git',
11 silly cache add      httpsUrl: 'git+https://github.com/CodeFalling/hexo-asset-image.git',
11 silly cache add      gitUrl: 'git://github.com/CodeFalling/hexo-asset-image.git',
11 silly cache add      shortcut: 'github:CodeFalling/hexo-asset-image',
11 silly cache add      directUrl: 'https://raw.githubusercontent.com/CodeFalling/hexo-asset-image/master/package.json' } }
12 verbose addRemoteGit caching https://github.com/CodeFalling/hexo-asset-image
13 verbose addRemoteGit git+https://github.com/CodeFalling/hexo-asset-image.git is a repository hosted by github
14 silly tryClone cloning git+https://github.com/CodeFalling/hexo-asset-image.git via git+https://github.com/CodeFalling/hexo-asset-image.git
15 verbose tryClone git-https-github-com-CodeFalling-hexo-asset-image-git-c3a33190 not in flight; caching
16 verbose correctMkdir /home/post/.npm/_git-remotes correctMkdir not in flight; initializing
17 info git [ 'config', '--get', 'remote.origin.url' ]
18 silly validateExistingRemote git+https://github.com/CodeFalling/hexo-asset-image.git remote.origin.url: https://github.com/CodeFalling/hexo-asset-image.git
19 verbose validateExistingRemote git+https://github.com/CodeFalling/hexo-asset-image.git is updating existing cached remote /home/post/.npm/_git-remotes/git-https-github-com-CodeFalling-hexo-asset-image-git-c3a33190
20 info git [ 'fetch', '-a', 'origin' ]
21 verbose updateRemote git fetch -a origin (https://github.com/CodeFalling/hexo-asset-image.git)
22 verbose correctMkdir /home/post/.npm/_git-remotes correctMkdir not in flight; initializing
23 verbose setPermissions git+https://github.com/CodeFalling/hexo-asset-image.git set permissions on /home/post/.npm/_git-remotes/git-https-github-com-CodeFalling-hexo-asset-image-git-c3a33190
24 verbose resolveHead git+https://github.com/CodeFalling/hexo-asset-image.git original treeish: master
25 info git [ 'rev-list', '-n1', 'master' ]
26 silly resolveHead git+https://github.com/CodeFalling/hexo-asset-image.git resolved treeish: 9322771081f5789f1694e038d158957cf3261110
27 verbose resolveHead git+https://github.com/CodeFalling/hexo-asset-image.git resolved Git URL: git+https://github.com/CodeFalling/hexo-asset-image.git#9322771081f5789f1694e038d158957cf3261110
28 silly resolveHead Git working directory: /tmp/npm-3121-b18f5733/git-cache-ed7221d1/9322771081f5789f1694e038d158957cf3261110
29 info git [ 'clone',
29 info git   '/home/post/.npm/_git-remotes/git-https-github-com-CodeFalling-hexo-asset-image-git-c3a33190',
29 info git   '/tmp/npm-3121-b18f5733/git-cache-ed7221d1/9322771081f5789f1694e038d158957cf3261110' ]
30 verbose cloneResolved git+https://github.com/CodeFalling/hexo-asset-image.git clone 正克隆到 '/tmp/npm-3121-b18f5733/git-cache-ed7221d1/9322771081f5789f1694e038d158957cf3261110'...
30 verbose cloneResolved 完成。
31 info git [ 'checkout', '9322771081f5789f1694e038d158957cf3261110' ]
32 verbose checkoutTreeish git+https://github.com/CodeFalling/hexo-asset-image.git checkout 注意：正在检出 '9322771081f5789f1694e038d158957cf3261110'。
32 verbose checkoutTreeish
32 verbose checkoutTreeish 您正处于分离头指针状态。您可以查看、做试验性的修改及提交，并且您可以通过另外
32 verbose checkoutTreeish 的检出分支操作丢弃在这个状态下所做的任何提交。
32 verbose checkoutTreeish
32 verbose checkoutTreeish 如果您想要通过创建分支来保留在此状态下所做的提交，您可以通过在检出命令添加
32 verbose checkoutTreeish 参数 -b 来实现（现在或稍后）。例如：
32 verbose checkoutTreeish
32 verbose checkoutTreeish   git checkout -b <new-branch-name>
32 verbose checkoutTreeish
32 verbose checkoutTreeish HEAD 目前位于 9322771... Merge pull request #16 from driftcrow/patch-2
33 info git [ 'submodule', '-q', 'update', '--init', '--recursive' ]
34 verbose updateSubmodules git+https://github.com/CodeFalling/hexo-asset-image.git submodule update
35 verbose addLocalDirectory /home/post/.npm/hexo-asset-image/0.0.3/package.tgz not in flight; packing
36 verbose correctMkdir /home/post/.npm correctMkdir not in flight; initializing
37 verbose tar pack [ '/home/post/.npm/hexo-asset-image/0.0.3/package.tgz',
37 verbose tar pack   '/tmp/npm-3121-b18f5733/git-cache-ed7221d1/9322771081f5789f1694e038d158957cf3261110' ]
38 verbose tarball /home/post/.npm/hexo-asset-image/0.0.3/package.tgz
39 verbose folder /tmp/npm-3121-b18f5733/git-cache-ed7221d1/9322771081f5789f1694e038d158957cf3261110
40 verbose addLocalTarball adding from inside cache /home/post/.npm/hexo-asset-image/0.0.3/package.tgz
41 verbose correctMkdir /home/post/.npm correctMkdir not in flight; initializing
42 verbose addRemoteGit data._from: git+https://github.com/CodeFalling/hexo-asset-image.git
43 verbose addRemoteGit data._resolved: git+https://github.com/CodeFalling/hexo-asset-image.git#9322771081f5789f1694e038d158957cf3261110
44 silly cache afterAdd hexo-asset-image@0.0.3
45 verbose afterAdd /home/post/.npm/hexo-asset-image/0.0.3/package/package.json not in flight; writing
46 verbose correctMkdir /home/post/.npm correctMkdir not in flight; initializing
47 verbose afterAdd /home/post/.npm/hexo-asset-image/0.0.3/package/package.json written
48 silly install normalizeTree
49 silly loadCurrentTree Finishing
50 silly loadIdealTree Starting
51 silly install loadIdealTree
52 silly cloneCurrentTree Starting
53 silly install cloneCurrentTreeToIdealTree
54 silly cloneCurrentTree Finishing
55 silly loadShrinkwrap Starting
56 silly install loadShrinkwrap
57 silly loadShrinkwrap Finishing
58 silly loadAllDepsIntoIdealTree Starting
59 silly install loadAllDepsIntoIdealTree
60 silly resolveWithNewModule hexo-asset-image@0.0.3 checking installable status
61 silly fetchNamedPackageData cheerio
62 silly mapToRegistry name cheerio
63 silly mapToRegistry using default registry
64 silly mapToRegistry registry http://registry.cnpmjs.org/
65 silly mapToRegistry data Result {
65 silly mapToRegistry   raw: 'cheerio',
65 silly mapToRegistry   scope: null,
65 silly mapToRegistry   escapedName: 'cheerio',
65 silly mapToRegistry   name: 'cheerio',
65 silly mapToRegistry   rawSpec: '',
65 silly mapToRegistry   spec: 'latest',
65 silly mapToRegistry   type: 'tag' }
66 silly mapToRegistry uri http://registry.cnpmjs.org/cheerio
67 verbose request uri http://registry.cnpmjs.org/cheerio
68 verbose request no auth needed
69 info attempt registry request try #1 at 下午8:40:12
70 verbose request id 054f62c558b1e875
71 http request GET http://registry.cnpmjs.org/cheerio
72 info retry will retry, error on last attempt: Error: Invalid protocol: socks5:
73 info attempt registry request try #2 at 下午8:40:22
74 http request GET http://registry.cnpmjs.org/cheerio
75 info retry will retry, error on last attempt: Error: Invalid protocol: socks5:
76 info attempt registry request try #3 at 下午8:41:22
77 http request GET http://registry.cnpmjs.org/cheerio
78 silly fetchPackageMetaData Error: Invalid protocol: socks5:
78 silly fetchPackageMetaData     at Request.init (/usr/lib/node_modules/npm/node_modules/request/request.js:459:31)
78 silly fetchPackageMetaData     at new Request (/usr/lib/node_modules/npm/node_modules/request/request.js:128:8)
78 silly fetchPackageMetaData     at request (/usr/lib/node_modules/npm/node_modules/request/index.js:54:10)
78 silly fetchPackageMetaData     at CachingRegistryClient.makeRequest (/usr/lib/node_modules/npm/node_modules/npm-registry-client/lib/request.js:160:13)
78 silly fetchPackageMetaData     at /usr/lib/node_modules/npm/node_modules/npm-registry-client/lib/request.js:68:17
78 silly fetchPackageMetaData     at RetryOperation._fn (/usr/lib/node_modules/npm/node_modules/npm-registry-client/lib/attempt.js:18:5)
78 silly fetchPackageMetaData     at Timeout._onTimeout (/usr/lib/node_modules/npm/node_modules/retry/lib/retry_operation.js:68:10)
78 silly fetchPackageMetaData     at tryOnTimeout (timers.js:228:11)
78 silly fetchPackageMetaData     at Timer.listOnTimeout (timers.js:202:5)
78 silly fetchPackageMetaData  error for cheerio@^0.19.0 Error: Invalid protocol: socks5:
78 silly fetchPackageMetaData     at Request.init (/usr/lib/node_modules/npm/node_modules/request/request.js:459:31)
78 silly fetchPackageMetaData     at new Request (/usr/lib/node_modules/npm/node_modules/request/request.js:128:8)
78 silly fetchPackageMetaData     at request (/usr/lib/node_modules/npm/node_modules/request/index.js:54:10)
78 silly fetchPackageMetaData     at CachingRegistryClient.makeRequest (/usr/lib/node_modules/npm/node_modules/npm-registry-client/lib/request.js:160:13)
78 silly fetchPackageMetaData     at /usr/lib/node_modules/npm/node_modules/npm-registry-client/lib/request.js:68:17
78 silly fetchPackageMetaData     at RetryOperation._fn (/usr/lib/node_modules/npm/node_modules/npm-registry-client/lib/attempt.js:18:5)
78 silly fetchPackageMetaData     at Timeout._onTimeout (/usr/lib/node_modules/npm/node_modules/retry/lib/retry_operation.js:68:10)
78 silly fetchPackageMetaData     at tryOnTimeout (timers.js:228:11)
78 silly fetchPackageMetaData     at Timer.listOnTimeout (timers.js:202:5)
79 silly rollbackFailedOptional Starting
80 silly rollbackFailedOptional Finishing
81 silly runTopLevelLifecycles Finishing
82 silly install printInstalled
83 verbose stack Error: Invalid protocol: socks5:
83 verbose stack     at Request.init (/usr/lib/node_modules/npm/node_modules/request/request.js:459:31)
83 verbose stack     at new Request (/usr/lib/node_modules/npm/node_modules/request/request.js:128:8)
83 verbose stack     at request (/usr/lib/node_modules/npm/node_modules/request/index.js:54:10)
83 verbose stack     at CachingRegistryClient.makeRequest (/usr/lib/node_modules/npm/node_modules/npm-registry-client/lib/request.js:160:13)
83 verbose stack     at /usr/lib/node_modules/npm/node_modules/npm-registry-client/lib/request.js:68:17
83 verbose stack     at RetryOperation._fn (/usr/lib/node_modules/npm/node_modules/npm-registry-client/lib/attempt.js:18:5)
83 verbose stack     at Timeout._onTimeout (/usr/lib/node_modules/npm/node_modules/retry/lib/retry_operation.js:68:10)
83 verbose stack     at tryOnTimeout (timers.js:228:11)
83 verbose stack     at Timer.listOnTimeout (timers.js:202:5)
84 verbose cwd /home/post/workspace/blog
85 error Linux 4.4.0-2-deepin-amd64
86 error argv "/usr/bin/nodejs" "/usr/bin/npm" "install" "https://github.com/CodeFalling/hexo-asset-image" "--save"
87 error node v6.3.1
88 error npm  v4.1.1
89 error Invalid protocol: socks5:
90 error If you need help, you may report this error at:
90 error     <https://github.com/npm/npm/issues>
91 verbose exit [ 1, true ]
